<?xml version="1.0" encoding="UTF-8"?>
<testsuite xmlns:xsi="http://www.w3.org/2001/XMLSchema-instance" xsi:schemaLocation="https://maven.apache.org/surefire/maven-surefire-plugin/xsd/surefire-test-report.xsd" name="runner.RunnerTest" time="51.222" tests="33" errors="0" skipped="0" failures="0">
  <properties>
    <property name="java.runtime.name" value="Java(TM) SE Runtime Environment"/>
    <property name="sun.boot.library.path" value="C:\Program Files\Java\jdk1.8.0_191\jre\bin"/>
    <property name="java.vm.version" value="25.191-b12"/>
    <property name="java.vm.vendor" value="Oracle Corporation"/>
    <property name="maven.multiModuleProjectDirectory" value="C:\Users\User\Desktop\Automacao_testes\atividade-3-automation"/>
    <property name="java.vendor.url" value="http://java.oracle.com/"/>
    <property name="path.separator" value=";"/>
    <property name="guice.disable.misplaced.annotation.check" value="true"/>
    <property name="java.vm.name" value="Java HotSpot(TM) 64-Bit Server VM"/>
    <property name="file.encoding.pkg" value="sun.io"/>
    <property name="user.script" value=""/>
    <property name="user.country" value="BR"/>
    <property name="sun.java.launcher" value="SUN_STANDARD"/>
    <property name="sun.os.patch.level" value=""/>
    <property name="java.vm.specification.name" value="Java Virtual Machine Specification"/>
    <property name="user.dir" value="C:\Users\User\Desktop\Automacao_testes\atividade-3-automation"/>
    <property name="java.runtime.version" value="1.8.0_191-b12"/>
    <property name="java.awt.graphicsenv" value="sun.awt.Win32GraphicsEnvironment"/>
    <property name="java.endorsed.dirs" value="C:\Program Files\Java\jdk1.8.0_191\jre\lib\endorsed"/>
    <property name="os.arch" value="amd64"/>
    <property name="java.io.tmpdir" value="C:\Users\User\AppData\Local\Temp\"/>
    <property name="line.separator" value="&#10;"/>
    <property name="java.vm.specification.vendor" value="Oracle Corporation"/>
    <property name="user.variant" value=""/>
    <property name="os.name" value="Windows 10"/>
    <property name="classworlds.conf" value="C:\Maven\apache-maven-3.6.1\bin\..\bin\m2.conf"/>
    <property name="sun.jnu.encoding" value="Cp1252"/>
    <property name="java.library.path" value="C:\Program Files\Java\jdk1.8.0_191\bin;C:\WINDOWS\Sun\Java\bin;C:\WINDOWS\system32;C:\WINDOWS;C:\Program Files\MongoDB\Server\4.2\bin;C:\Program Files (x86)\Common Files\Oracle\Java\javapath;C:\Windows\system32;C:\Windows;C:\Windows\System32\Wbem;C:\Windows\System32\WindowsPowerShell\v1.0\;C:\Program Files (x86)\NVIDIA Corporation\PhysX\Common;C:\WINDOWS\system32;C:\WINDOWS;C:\WINDOWS\System32\Wbem;C:\WINDOWS\System32\WindowsPowerShell\v1.0\;C:\WINDOWS\System32\OpenSSH\;C:\Program Files\Java\jdk1.8.0_191\bin;C:\Program Files\nodejs\;C:\Program Files\Git\cmd;C:\Maven\apache-maven-3.6.1\bin;C:\Program Files\dotnet\;C:\Program Files\Microsoft SQL Server\130\Tools\Binn\;C:\Program Files\Microsoft SQL Server\Client SDK\ODBC\170\Tools\Binn\;C:\Users\User\AppData\Local\Programs\Python\Python37-32\Scripts\;C:\Users\User\AppData\Local\Programs\Python\Python37-32\;C:\Users\User\AppData\Local\Microsoft\WindowsApps;C:\Users\User\AppData\Local\Programs\Microsoft VS Code\bin;C:\Users\User\AppData\Roaming\npm;C:\Program Files\JetBrains\IntelliJ IDEA 2018.3.5\bin;;C:\Driver\chromedriver_win32;C:\Program Files (x86)\Google\Chrome\Application;;."/>
    <property name="maven.conf" value="C:\Maven\apache-maven-3.6.1\bin\../conf"/>
    <property name="java.specification.name" value="Java Platform API Specification"/>
    <property name="java.class.version" value="52.0"/>
    <property name="sun.management.compiler" value="HotSpot 64-Bit Tiered Compilers"/>
    <property name="os.version" value="10.0"/>
    <property name="library.jansi.path" value="C:\Maven\apache-maven-3.6.1\bin\..\lib\jansi-native"/>
    <property name="user.home" value="C:\Users\User"/>
    <property name="user.timezone" value="America/Sao_Paulo"/>
    <property name="java.awt.printerjob" value="sun.awt.windows.WPrinterJob"/>
    <property name="java.specification.version" value="1.8"/>
    <property name="file.encoding" value="Cp1252"/>
    <property name="user.name" value="User"/>
    <property name="java.class.path" value="C:\Maven\apache-maven-3.6.1\bin\..\boot\plexus-classworlds-2.6.0.jar"/>
    <property name="java.vm.specification.version" value="1.8"/>
    <property name="sun.arch.data.model" value="64"/>
    <property name="java.home" value="C:\Program Files\Java\jdk1.8.0_191\jre"/>
    <property name="sun.java.command" value="org.codehaus.plexus.classworlds.launcher.Launcher clean compile install"/>
    <property name="java.specification.vendor" value="Oracle Corporation"/>
    <property name="user.language" value="pt"/>
    <property name="awt.toolkit" value="sun.awt.windows.WToolkit"/>
    <property name="java.vm.info" value="mixed mode"/>
    <property name="java.version" value="1.8.0_191"/>
    <property name="java.ext.dirs" value="C:\Program Files\Java\jdk1.8.0_191\jre\lib\ext;C:\WINDOWS\Sun\Java\lib\ext"/>
    <property name="sun.boot.class.path" value="C:\Program Files\Java\jdk1.8.0_191\jre\lib\resources.jar;C:\Program Files\Java\jdk1.8.0_191\jre\lib\rt.jar;C:\Program Files\Java\jdk1.8.0_191\jre\lib\sunrsasign.jar;C:\Program Files\Java\jdk1.8.0_191\jre\lib\jsse.jar;C:\Program Files\Java\jdk1.8.0_191\jre\lib\jce.jar;C:\Program Files\Java\jdk1.8.0_191\jre\lib\charsets.jar;C:\Program Files\Java\jdk1.8.0_191\jre\lib\jfr.jar;C:\Program Files\Java\jdk1.8.0_191\jre\classes"/>
    <property name="sun.stderr.encoding" value="cp850"/>
    <property name="java.vendor" value="Oracle Corporation"/>
    <property name="maven.home" value="C:\Maven\apache-maven-3.6.1\bin\.."/>
    <property name="file.separator" value="\"/>
    <property name="java.vendor.url.bug" value="http://bugreport.sun.com/bugreport/"/>
    <property name="sun.cpu.endian" value="little"/>
    <property name="sun.io.unicode.encoding" value="UnicodeLittle"/>
    <property name="sun.stdout.encoding" value="cp850"/>
    <property name="sun.desktop" value="windows"/>
    <property name="sun.cpu.isalist" value="amd64"/>
  </properties>
  <testcase name="Given POST - A user want to add a item" classname="Scenario: A user are on Agapito Software Testing page" time="0.007"/>
  <testcase name="And The user click on menu &quot;processos&quot;" classname="Scenario: A user are on Agapito Software Testing page" time="0"/>
  <testcase name="And The user click on menu &quot;processos&quot;" classname="Scenario: A user are on Agapito Software Testing page" time="0"/>
  <testcase name="And The user click on menu &quot;processos&quot;" classname="Scenario: A user are on Agapito Software Testing page" time="0"/>
  <testcase name="And The user click on menu &quot;processos&quot;" classname="Scenario: A user are on Agapito Software Testing page" time="0"/>
  <testcase name="And The user click on button novo processo" classname="Scenario: A user are on Agapito Software Testing page" time="0"/>
  <testcase name="And The user click on field &quot;processo_vara&quot; and set value &quot;1&quot;" classname="Scenario: A user are on Agapito Software Testing page" time="0.001"/>
  <testcase name="And The user click on field &quot;processo_numero_processo&quot; and set value &quot;12314&quot;" classname="Scenario: A user are on Agapito Software Testing page" time="0"/>
  <testcase name="And The user click on field &quot;processo_natureza&quot; and set value &quot;Guarda&quot;" classname="Scenario: A user are on Agapito Software Testing page" time="0"/>
  <testcase name="And The user click on field &quot;processo_data_entrada&quot; and set value &quot;04/03/2020&quot;" classname="Scenario: A user are on Agapito Software Testing page" time="0"/>
  <testcase name="And The user click on field &quot;processo_assistente_social&quot; and set value &quot;assistente&quot;" classname="Scenario: A user are on Agapito Software Testing page" time="0"/>
  <testcase name="And The user click on field &quot;processo_data_agendamento&quot; and set value &quot;Agendado&quot;" classname="Scenario: A user are on Agapito Software Testing page" time="0"/>
  <testcase name="And The user click on field &quot;processo_partes&quot; and set value &quot;Joao X Maria&quot;" classname="Scenario: A user are on Agapito Software Testing page" time="0"/>
  <testcase name="And The user click on field &quot;processo_status&quot; and set value &quot;inicial&quot;" classname="Scenario: A user are on Agapito Software Testing page" time="0"/>
  <testcase name="And The user select &quot;Sim&quot; value on urgente field" classname="Scenario: A user are on Agapito Software Testing page" time="0"/>
  <testcase name="And The user click &quot;Sim&quot; radio button" classname="Scenario: A user are on Agapito Software Testing page" time="0"/>
  <testcase name="And The user click on field &quot;processo_observacao&quot; and set value &quot;processo observacao&quot;" classname="Scenario: A user are on Agapito Software Testing page" time="0"/>
  <testcase name="When The user click on button &quot;btn-save&quot; to save" classname="Scenario: A user are on Agapito Software Testing page" time="0"/>
  <testcase name="When The user click on button &quot;btn-save&quot; to save" classname="Scenario: A user are on Agapito Software Testing page" time="0"/>
  <testcase name="Then The user should see the message &quot;Processo foi criado com sucesso.&quot;" classname="Scenario: A user are on Agapito Software Testing page" time="0"/>
  <testcase name="Given GET - A user want to see a item details" classname="Scenario: A user are on Agapito Software Testing page" time="0"/>
  <testcase name="When The user click on button Mostrar of list with id &quot;6&quot;" classname="Scenario: A user are on Agapito Software Testing page" time="0"/>
  <testcase name="Then The user should see the details os process" classname="Scenario: A user are on Agapito Software Testing page" time="0"/>
  <testcase name="Given PUT - A user want to update a item" classname="Scenario: A user are on Agapito Software Testing page" time="0"/>
  <testcase name="And The user click on button Editar of item with id &quot;461&quot;" classname="Scenario: A user are on Agapito Software Testing page" time="0.001"/>
  <testcase name="And The user click on field &quot;processo_vara&quot; and set value &quot;50&quot;" classname="Scenario: A user are on Agapito Software Testing page" time="0"/>
  <testcase name="And The user click on field &quot;processo_numero_processo&quot; and set value &quot;5050&quot;" classname="Scenario: A user are on Agapito Software Testing page" time="0"/>
  <testcase name="And The user click on field &quot;processo_natureza&quot; and set value &quot;Guardar&quot;" classname="Scenario: A user are on Agapito Software Testing page" time="0"/>
  <testcase name="Then The user should see the message &quot;Processo atualizado com sucesso.&quot;" classname="Scenario: A user are on Agapito Software Testing page" time="0"/>
  <testcase name="Given DELETE - A user want to delete a item" classname="Scenario: A user are on Agapito Software Testing page" time="0"/>
  <testcase name="When user press button Apagar of item with id &quot;338&quot;" classname="Scenario: A user are on Agapito Software Testing page" time="0"/>
  <testcase name="Then The item with id &quot;338&quot; should not exist" classname="Scenario: A user are on Agapito Software Testing page" time="0"/>
  <testcase name="Scenario: A user are on Agapito Software Testing page" classname="Scenario: A user are on Agapito Software Testing page" time="0.001"/>
</testsuite>